> Task :app:compileDebugKotlin FAILED
e: file:///C:/Users/schir/AndroidStudioProjects/AQPEXPLORER/app/src/main/java/com/example/aqpexplorer/screens/FavoritesScreen.kt:26:35 Unresolved reference 'collectAsState'.
e: file:///C:/Users/schir/AndroidStudioProjects/AQPEXPLORER/app/src/main/java/com/example/aqpexplorer/screens/FavoritesScreen.kt:66:32 Smart cast to 'com.example.aqpexplorer.model.UiState.Error' is impossible, because 'uiState' is a delegated property.
e: file:///C:/Users/schir/AndroidStudioProjects/AQPEXPLORER/app/src/main/java/com/example/aqpexplorer/screens/FavoritesScreen.kt:72:16 One type argument expected. Use class 'Success' if you don't intend to pass type arguments.
e: file:///C:/Users/schir/AndroidStudioProjects/AQPEXPLORER/app/src/main/java/com/example/aqpexplorer/screens/FavoritesScreen.kt:74:41 Unresolved reference 'data'.
e: file:///C:/Users/schir/AndroidStudioProjects/AQPEXPLORER/app/src/main/java/com/example/aqpexplorer/screens/HomeScreen.kt:26:35 Unresolved reference 'collectAsState'.
e: file:///C:/Users/schir/AndroidStudioProjects/AQPEXPLORER/app/src/main/java/com/example/aqpexplorer/screens/HomeScreen.kt:59:28 Smart cast to 'com.example.aqpexplorer.model.UiState.Error' is impossible, because 'uiState' is a delegated property.
e: file:///C:/Users/schir/AndroidStudioProjects/AQPEXPLORER/app/src/main/java/com/example/aqpexplorer/screens/HomeScreen.kt:65:12 One type argument expected. Use class 'Success' if you don't intend to pass type arguments.
e: file:///C:/Users/schir/AndroidStudioProjects/AQPEXPLORER/app/src/main/java/com/example/aqpexplorer/screens/HomeScreen.kt:66:48 Unresolved reference 'data'.
e: file:///C:/Users/schir/AndroidStudioProjects/AQPEXPLORER/app/src/main/java/com/example/aqpexplorer/screens/PlaceDetailScreen.kt:26:35 Unresolved reference 'collectAsState'.
e: file:///C:/Users/schir/AndroidStudioProjects/AQPEXPLORER/app/src/main/java/com/example/aqpexplorer/screens/PlaceDetailScreen.kt:44:19 Unresolved reference 'loadPlaceDetails'.
e: file:///C:/Users/schir/AndroidStudioProjects/AQPEXPLORER/app/src/main/java/com/example/aqpexplorer/screens/PlaceDetailScreen.kt:70:36 Smart cast to 'com.example.aqpexplorer.model.UiState.Error' is impossible, because 'uiState' is a delegated property.
e: file:///C:/Users/schir/AndroidStudioProjects/AQPEXPLORER/app/src/main/java/com/example/aqpexplorer/screens/PlaceDetailScreen.kt:85:16 One type argument expected. Use class 'Success' if you don't intend to pass type arguments.
e: file:///C:/Users/schir/AndroidStudioProjects/AQPEXPLORER/app/src/main/java/com/example/aqpexplorer/screens/PlaceDetailScreen.kt:87:37 Unresolved reference 'data'.
e: file:///C:/Users/schir/AndroidStudioProjects/AQPEXPLORER/app/src/main/java/com/example/aqpexplorer/screens/PlaceDetailScreen.kt:89:67 Too many arguments for 'fun toggleFavorite(): Unit'.
e: file:///C:/Users/schir/AndroidStudioProjects/AQPEXPLORER/app/src/main/java/com/example/aqpexplorer/screens/SearchScreen.kt:30:35 Unresolved reference 'collectAsState'.
e: file:///C:/Users/schir/AndroidStudioProjects/AQPEXPLORER/app/src/main/java/com/example/aqpexplorer/screens/SearchScreen.kt:71:35 Cannot access 'fun ArrayList<Anchor>.search(location: Int, effectiveSize: Int): Int': it is private in file.
e: file:///C:/Users/schir/AndroidStudioProjects/AQPEXPLORER/app/src/main/java/com/example/aqpexplorer/screens/SearchScreen.kt:79:34 Unresolved reference 'categories'.
e: file:///C:/Users/schir/AndroidStudioProjects/AQPEXPLORER/app/src/main/java/com/example/aqpexplorer/screens/SearchScreen.kt:80:40 Unresolved reference 'selectedCategory'.
e: file:///C:/Users/schir/AndroidStudioProjects/AQPEXPLORER/app/src/main/java/com/example/aqpexplorer/screens/SearchScreen.kt:81:45 Unresolved reference 'selectCategory'.
e: file:///C:/Users/schir/AndroidStudioProjects/AQPEXPLORER/app/src/main/java/com/example/aqpexplorer/screens/SearchScreen.kt:100:28 Smart cast to 'kotlin.String' is impossible, because 'error' is a delegated property.
